0 info it worked if it ends with ok
1 verbose cli [ 'node', '/usr/local/bin/npm', 'test' ]
2 info using npm@3.7.2
3 info using node@v0.12.2
4 verbose node symlink /usr/local/bin/node
5 verbose stack Error: ENOENT, open '/Users/Widyasari/Desktop/a0099654.github.io/package.json'
5 verbose stack     at Error (native)
6 verbose cwd /Users/Widyasari/Desktop/a0099654.github.io
7 error Darwin 15.3.0
8 error argv "node" "/usr/local/bin/npm" "test"
9 error node v0.12.2
10 error npm  v3.7.2
11 error path /Users/Widyasari/Desktop/a0099654.github.io/package.json
12 error code ENOENT
13 error errno -2
14 error enoent ENOENT, open '/Users/Widyasari/Desktop/a0099654.github.io/package.json'
15 error enoent ENOENT, open '/Users/Widyasari/Desktop/a0099654.github.io/package.json'
15 error enoent This is most likely not a problem with npm itself
15 error enoent and is related to npm not being able to find a file.
16 verbose exit [ -2, true ]
